
> my-v0-project@0.1.0 build
> next build

▲ Next.js 16.1.1 (Turbopack)
- Environments: .env.local

  Creating an optimized production build ...
✓ Compiled successfully in 5.7s
  Skipping validation of types
  Collecting page data using 19 workers ...
⚠ Using edge runtime on a page currently disables static generation for that page
  Generating static pages using 19 workers (0/72) ...
  Generating static pages using 19 workers (18/72) 
  Generating static pages using 19 workers (36/72) 
  Generating static pages using 19 workers (54/72) 
✓ Generating static pages using 19 workers (72/72) in 749.3ms
  Finalizing page optimization ...

Route (app)
┌ ○ /
├ ○ /_not-found
├ ○ /all-tools
├ ○ /analytics
├ ƒ /api/admin
├ ƒ /api/avatar
├ ƒ /api/captions
├ ƒ /api/chat
├ ƒ /api/classroom
├ ƒ /api/elevenlabs
├ ƒ /api/eq
├ ƒ /api/generate
├ ƒ /api/generations
├ ƒ /api/health
├ ƒ /api/heygen
├ ƒ /api/iep
├ ƒ /api/iep-stream
├ ƒ /api/og
├ ƒ /api/status
├ ƒ /api/webhook
├ ○ /archive
├ ○ /blog
├ ƒ /blog/[id]
├ ○ /board
├ ○ /board/memo
├ ○ /cognitive
├ ○ /consent
├ ○ /dashboard
├ ○ /enhanced-test
├ ○ /features
├ ○ /generator
├ ○ /generators
├ ● /generators/[id]
│ ├ /generators/iep-architect
│ ├ /generators/lesson-planner
│ ├ /generators/behavior-coach
│ └ [+38 more paths]
├ ○ /login
├ ○ /new-home
├ ○ /onboarding
├ ○ /pricing
├ ○ /profile
├ ○ /resources/alabama
├ ○ /showcase
├ ○ /signup
├ ○ /support
├ ƒ /support/article/[id]
├ ○ /support/educator
├ ○ /support/getting-started
├ ○ /support/topic
├ ○ /test-generator
└ ○ /whats-edintel


○  (Static)   prerendered as static content
●  (SSG)      prerendered as static HTML (uses generateStaticParams)
ƒ  (Dynamic)  server-rendered on demand

