
> edintel-app@1.0.0 prebuild
> echo clean

clean

> edintel-app@1.0.0 build
> next build

   Γû▓ Next.js 15.5.10
   - Environments: .env.local, .env.production, .env
   - Experiments (use with caution):
     ┬╖ serverActions
     ┬╖ optimizePackageImports

   Creating an optimized production build ...
node.exe : Failed to 
compile.
At C:\Users\nivla\App
Data\Roaming\npm\npm.
ps1:24 char:5
+     & "node$exe"  "
$basedir/node_modules
/npm/bin/npm-cli.js" 
$args
+     ~~~~~~~~~~~~~~~
~~~~~~~~~~~~~~~~~~~~~
~~~~~~~~~~~~~~~~~~~~~
~~~~~
    + CategoryInfo   
           : NotSpe  
  cified: (Failed    
 to compile.:Stri    
ng) [], RemoteEx    
ception
    + FullyQualified 
   ErrorId : Native  
  CommandError
 

./src/components/Enha
ncedGenerator.tsx
Error:   [31mx[0m 
You're importing a 
component that needs 
`useState`. This 
React Hook only 
works in a Client 
Component. To fix, 
mark the file (or 
its parent) with the 
`"use client"` 
directive.
  [31m|[0m
  [31m|[0m  Learn 
more: https://nextjs.
org/docs/app/api-refe
rence/directives/use-
client
  [31m|[0m

   ,-[[36;1;4mC:\Use
rs\nivla\edintel-app\
src\components\Enhanc
edGenerator.tsx[0m:1
:1]
 [2m1[0m | import 
{ useState, useRef, 
useEffect } from 
'react';
   : [35;1m         
^^^^^^^^[0m
 [2m2[0m | import 
{ Loader2, Copy, 
Check, Sparkles, 
Download, 
ArrowRight, Bot, 
Zap, History, 
ChevronLeft, X, Mic, 
Volume2, FileText, 
BarChart3 } from 
'lucide-react';
 [2m3[0m | import 
{ motion, 
AnimatePresence } 
from 'framer-motion';
 [2m3[0m | import 
Link from 
'next/link';
   `----
  [31mx[0m You're 
importing a 
component that needs 
`useRef`. This React 
Hook only works in a 
Client Component. To 
fix, mark the file 
(or its parent) with 
the `"use client"` 
directive.
  [31m|[0m
  [31m|[0m  Learn 
more: https://nextjs.
org/docs/app/api-refe
rence/directives/use-
client
  [31m|[0m

   ,-[[36;1;4mC:\Use
rs\nivla\edintel-app\
src\components\Enhanc
edGenerator.tsx[0m:1
:1]
 [2m1[0m | import 
{ useState, useRef, 
useEffect } from 
'react';
   : [35;1m         
          ^^^^^^[0m
 [2m2[0m | import 
{ Loader2, Copy, 
Check, Sparkles, 
Download, 
ArrowRight, Bot, 
Zap, History, 
ChevronLeft, X, Mic, 
Volume2, FileText, 
BarChart3 } from 
'lucide-react';
 [2m3[0m | import 
{ motion, 
AnimatePresence } 
from 'framer-motion';
 [2m3[0m | import 
Link from 
'next/link';
   `----
  [31mx[0m You're 
importing a 
component that needs 
`useEffect`. This 
React Hook only 
works in a Client 
Component. To fix, 
mark the file (or 
its parent) with the 
`"use client"` 
directive.
  [31m|[0m
  [31m|[0m  Learn 
more: https://nextjs.
org/docs/app/api-refe
rence/directives/use-
client
  [31m|[0m

   ,-[[36;1;4mC:\Use
rs\nivla\edintel-app\
src\components\Enhanc
edGenerator.tsx[0m:1
:1]
 [2m1[0m | import 
{ useState, useRef, 
useEffect } from 
'react';
   : [35;1m         
                  
^^^^^^^^^[0m
 [2m2[0m | import 
{ Loader2, Copy, 
Check, Sparkles, 
Download, 
ArrowRight, Bot, 
Zap, History, 
ChevronLeft, X, Mic, 
Volume2, FileText, 
BarChart3 } from 
'lucide-react';
 [2m3[0m | import 
{ motion, 
AnimatePresence } 
from 'framer-motion';
 [2m3[0m | import 
Link from 
'next/link';
   `----

Import trace for 
requested module:
./src/components/Enha
ncedGenerator.tsx
./src/app/generators/
[id]/page.tsx


> Build failed 
because of webpack 
errors
