node.exe : Vercel CLI 50.1.3
At C:\Users\nivla\AppData\Ro
aming\npm\vercel.ps1:24 
char:5
+     & "node$exe"  "$basedi
r/node_modules/vercel/dist/v
c.js" $args
+     ~~~~~~~~~~~~~~~~~~~~~~
~~~~~~~~~~~~~~~~~~~~~~~~~~~~
~~~~~~~~~~~
    + CategoryInfo          
    : NotSpecified: (Verce  
  l CLI 50.1.3:String) []   
 , RemoteException
    + FullyQualifiedErrorId 
    : NativeCommandError
 
Retrieving projectΓÇª
Deploying nivlawest1911-oss-
projects/edintel-app
Uploading 
[--------------------] 
(0.0B/12.1KB)
Uploading 
[=====---------------] 
(3.0KB/12.1KB)
Uploading 
[==========----------] 
(6.1KB/12.1KB)
Uploading 
[====================] 
(12.1KB/12.1KB)
Inspect: https://vercel.com/
nivlawest1911-oss-projects/e
dintel-app/8ZaNEyUurLNAjAkdF
y8CByKfnYQQ [3s]
Production: https://edintel-
oejz5ruim-nivlawest1911-oss-
projects.vercel.app [3s]
Building...
Building...
Building: Running build in 
Washington, D.C., USA 
(East) ΓÇô iad1
Building: Build machine 
configuration: 2 cores, 8 GB
Building: Retrieving list 
of deployment files...
Building: Skipping build 
cache, deployment was 
triggered without cache.
Building: Downloading 1104 
deployment files...
Building: Warning: Detected 
"engines": { "node": ">=20" 
} in your `package.json` 
that will automatically 
upgrade when a new major 
Node.js Version is 
released. Learn More: https:
//vercel.link/node-version
Building: Running "vercel 
build"
Building: Vercel CLI 50.5.2
Building: Warning: Detected 
"engines": { "node": ">=20" 
} in your `package.json` 
that will automatically 
upgrade when a new major 
Node.js Version is 
released. Learn More: https:
//vercel.link/node-version
Building: Installing 
dependencies...
Building: npm warn 
deprecated scmp@2.1.0: Just 
use Node.js's 
crypto.timingSafeEqual()
Building: npm warn 
deprecated 
node-domexception@1.0.0: 
Use your platform's native 
DOMException instead
Building: npm warn 
deprecated @supabase/auth-he
lpers-nextjs@0.15.0: 
Package no longer 
supported. Contact Support 
at https://www.npmjs.com/sup
port for more info.
Building: > 
edintel-app@1.0.0 
postinstall
Building: > prisma generate
Building: Environment 
variables loaded from .env
Building: Prisma schema 
loaded from 
prisma/schema.prisma
Building: Γ£ö Generated 
Prisma Client (v5.22.0) to .
/node_modules/@prisma/client
 in 165ms
Building: Start by 
importing your Prisma 
Client (See: https://pris.ly
/d/importing-client)
Building: Tip: Want 
real-time updates to your 
database without manual 
polling? Discover how with 
Pulse: 
https://pris.ly/tip-0-pulse
Building: added 1152 
packages in 32s
Building: 207 packages are 
looking for funding
Building: run `npm fund` 
for details
Building: Detected Next.js 
version: 15.5.10
Building: Running "npm run 
build"
Building: > 
edintel-app@1.0.0 build
Building: > next build
Building: Attention: 
Next.js now collects 
completely anonymous 
telemetry regarding usage.
Building: This information 
is used to shape Next.js' 
roadmap and prioritize 
features.
Building: You can learn 
more, including how to 
opt-out if you'd not like 
to participate in this 
anonymous program, by 
visiting the following URL:
Building: 
https://nextjs.org/telemetry
Building: Γû▓ Next.js 
15.5.10
Building: - Environments: 
.env.production, .env
Building: Creating an 
optimized production build 
...
Building: <w> [webpack.cache
.PackFileCacheStrategy] 
Serializing big strings 
(131kiB) impacts 
deserialization performance 
(consider using Buffer 
instead and decode when 
needed)
Building: <w> [webpack.cache
.PackFileCacheStrategy] 
Serializing big strings 
(452kiB) impacts 
deserialization performance 
(consider using Buffer 
instead and decode when 
needed)
Building: <w> [webpack.cache
.PackFileCacheStrategy] 
Serializing big strings 
(452kiB) impacts 
deserialization performance 
(consider using Buffer 
instead and decode when 
needed)
Building: <w> [webpack.cache
.PackFileCacheStrategy] 
Serializing big strings 
(453kiB) impacts 
deserialization performance 
(consider using Buffer 
instead and decode when 
needed)
Building: Failed to compile.
Building: 
./src/app/globals.css
Building: Module not found: 
Can't resolve './&'
Building: https://nextjs.org
/docs/messages/module-not-fo
und
Building: Import trace for 
requested module:
Building: 
./src/app/globals.css
Building: 
./src/app/globals.css
Building: HookWebpackError: 
Cannot find module './&'
Building: at 
tryRunOrWebpackError (/verce
l/path0/node_modules/next/di
st/compiled/webpack/bundle5.
js:29:316119)
Building: at 
__webpack_require_module__ (
/vercel/path0/node_modules/n
ext/dist/compiled/webpack/bu
ndle5.js:29:131532)
Building: at __nested_webpac
k_require_161494__ (/vercel/
path0/node_modules/next/dist
/compiled/webpack/bundle5.js
:29:130967)
Building: at /vercel/path0/n
ode_modules/next/dist/compil
ed/webpack/bundle5.js:29:131
824
Building: at symbolIterator 
(/vercel/path0/node_modules/
next/dist/compiled/neo-async
/async.js:1:14444)
Building: at done (/vercel/p
ath0/node_modules/next/dist/
compiled/neo-async/async.js:
1:14824)
Building: at Hook.eval [as 
callAsync] (eval at create (
/vercel/path0/node_modules/n
ext/dist/compiled/webpack/bu
ndle5.js:14:9224), 
<anonymous>:15:1)
Building: at /vercel/path0/n
ode_modules/next/dist/compil
ed/webpack/bundle5.js:29:130
687
Building: at symbolIterator 
(/vercel/path0/node_modules/
next/dist/compiled/neo-async
/async.js:1:14402)
Building: at timesSync (/ver
cel/path0/node_modules/next/
dist/compiled/neo-async/asyn
c.js:1:5027)
Building: -- inner error --
Building: Error: Cannot 
find module './&'
Building: at 
webpackMissingModule (/verce
l/path0/node_modules/next/di
st/build/webpack/loaders/css
-loader/src/index.js??ruleSe
t[1].rules[14].oneOf[10].use
[2]!/vercel/path0/node_modul
es/next/dist/build/webpack/l
oaders/postcss-loader/src/in
dex.js??ruleSet[1].rules[14]
.oneOf[10].use[3]!/vercel/pa
th0/src/app/globals.css:9:50
)
Building: at 
Module.<anonymous> (/vercel/
path0/node_modules/next/dist
/build/webpack/loaders/css-l
oader/src/index.js??ruleSet[
1].rules[14].oneOf[10].use[2
]!/vercel/path0/node_modules
/next/dist/build/webpack/loa
ders/postcss-loader/src/inde
x.js??ruleSet[1].rules[14].o
neOf[10].use[3]!/vercel/path
0/src/app/globals.css:9:128)
Building: at /vercel/path0/n
ode_modules/next/dist/compil
ed/webpack/bundle5.js:29:962
717
Building: at Hook.eval [as 
call] (eval at create (/verc
el/path0/node_modules/next/d
ist/compiled/webpack/bundle5
.js:14:9002), 
<anonymous>:7:1)
Building: at /vercel/path0/n
ode_modules/next/dist/compil
ed/webpack/bundle5.js:29:131
565
Building: at 
tryRunOrWebpackError (/verce
l/path0/node_modules/next/di
st/compiled/webpack/bundle5.
js:29:316073)
Building: at 
__webpack_require_module__ (
/vercel/path0/node_modules/n
ext/dist/compiled/webpack/bu
ndle5.js:29:131532)
Building: at __nested_webpac
k_require_161494__ (/vercel/
path0/node_modules/next/dist
/compiled/webpack/bundle5.js
:29:130967)
Building: at /vercel/path0/n
ode_modules/next/dist/compil
ed/webpack/bundle5.js:29:131
824
Building: at symbolIterator 
(/vercel/path0/node_modules/
next/dist/compiled/neo-async
/async.js:1:14444)
Building: Generated code 
for /vercel/path0/node_modul
es/next/dist/build/webpack/l
oaders/css-loader/src/index.
js??ruleSet[1].rules[14].one
Of[10].use[2]!/vercel/path0/
node_modules/next/dist/build
/webpack/loaders/postcss-loa
der/src/index.js??ruleSet[1]
.rules[14].oneOf[10].use[3]!
/vercel/path0/src/app/global
s.css
Building: 1 | __webpack_requ
ire__.r(__webpack_exports__)
;
Building: 2 | /* harmony 
export */ __webpack_require_
_.d(__webpack_exports__, {
Building: 3 | /* harmony 
export */   "default": () 
=> 
(__WEBPACK_DEFAULT_EXPORT__)
Building: 4 | /* harmony 
export */ });
Building: 5 | /* harmony 
import */ var _node_modules_
next_dist_build_webpack_load
ers_css_loader_src_runtime_a
pi_js__WEBPACK_IMPORTED_MODU
LE_0__ = __webpack_require__
("/vercel/path0/node_modules
/next/dist/build/webpack/loa
ders/css-loader/src/runtime/
api.js");
Building: 6 | /* harmony 
import */ var _node_modules_
next_dist_build_webpack_load
ers_css_loader_src_runtime_a
pi_js__WEBPACK_IMPORTED_MODU
LE_0___default = /*#__PURE__
*/__webpack_require__.n(_nod
e_modules_next_dist_build_we
bpack_loaders_css_loader_src
_runtime_api_js__WEBPACK_IMP
ORTED_MODULE_0__);
Building: 7 | /* harmony 
import */ var _node_modules_
next_dist_build_webpack_load
ers_css_loader_src_runtime_g
etUrl_js__WEBPACK_IMPORTED_M
ODULE_1__ = __webpack_requir
e__("/vercel/path0/node_modu
les/next/dist/build/webpack/
loaders/css-loader/src/runti
me/getUrl.js");
Building: 8 | /* harmony 
import */ var _node_modules_
next_dist_build_webpack_load
ers_css_loader_src_runtime_g
etUrl_js__WEBPACK_IMPORTED_M
ODULE_1___default = /*#__PUR
E__*/__webpack_require__.n(_
node_modules_next_dist_build
_webpack_loaders_css_loader_
src_runtime_getUrl_js__WEBPA
CK_IMPORTED_MODULE_1__);
Building: 9 | 
Object(function 
webpackMissingModule() { 
var e = new Error("Cannot 
find module './&'"); e.code 
= 'MODULE_NOT_FOUND'; throw 
e; }());
Building: 10 | // Imports
Building: 11 |
Building: 12 |
Building: 13 |
Building: 14 | var 
___CSS_LOADER_EXPORT___ = _n
ode_modules_next_dist_build_
webpack_loaders_css_loader_s
rc_runtime_api_js__WEBPACK_I
MPORTED_MODULE_0___default()
(false);
Building: 15 | var ___CSS_LO
ADER_URL_REPLACEMENT_0___ = 
_node_modules_next_dist_buil
d_webpack_loaders_css_loader
_src_runtime_getUrl_js__WEBP
ACK_IMPORTED_MODULE_1___defa
ult()(Object(function 
webpackMissingModule() { 
var e = new Error("Cannot 
find module './&'"); e.code 
= 'MODULE_NOT_FOUND'; throw 
e; }()), { hash: "#x27;https
://images.unsplash.com/photo
-1557804506-669a67965ba0?q=8
0&amp;w=2574&amp;auto=format
&amp;fit=crop&" });
Building: 16 | var ___CSS_LO
ADER_URL_REPLACEMENT_1___ = 
_node_modules_next_dist_buil
d_webpack_loaders_css_loader
_src_runtime_getUrl_js__WEBP
ACK_IMPORTED_MODULE_1___defa
ult()(Object(function 
webpackMissingModule() { 
var e = new Error("Cannot 
find module './&'"); e.code 
= 'MODULE_NOT_FOUND'; throw 
e; }()), { hash: "#x27;https
://www.transparenttextures.c
om/patterns/carbon-fibre.png
&" });
Building: 17 | // Module
Building: > Build failed 
because of webpack errors
Building: Error: Command 
"npm run build" exited with 
1
Error: Command "npm run 
build" exited with 1
https://edintel-oejz5ruim-nivlawest1911-oss-projects.vercel.app
