node.exe : Vercel CLI 50.1.3
At C:\Users\nivla\AppData\Ro
aming\npm\vercel.ps1:24 
char:5
+     & "node$exe"  "$basedi
r/node_modules/vercel/dist/v
c.js" $args
+     ~~~~~~~~~~~~~~~~~~~~~~
~~~~~~~~~~~~~~~~~~~~~~~~~~~~
~~~~~~~~~~~
    + CategoryInfo          
    : NotSpecified: (Verce  
  l CLI 50.1.3:String) []   
 , RemoteException
    + FullyQualifiedErrorId 
    : NativeCommandError
 
Retrieving projectΓÇª
Deploying nivlawest1911-oss-
projects/edintel-app
Uploading 
[--------------------] 
(0.0B/42.3KB)
Uploading 
[=======-------------] 
(16.0KB/42.3KB)
Uploading 
[============--------] 
(25.6KB/42.3KB)
Uploading 
[==================--] 
(39.2KB/42.3KB)
Uploading 
[====================] 
(42.3KB/42.3KB)
Inspect: https://vercel.com/
nivlawest1911-oss-projects/e
dintel-app/ApqraxHzYpwthqJvs
Z3HYvaCwtka [6s]
Production: https://edintel-
ojzks041h-nivlawest1911-oss-
projects.vercel.app [6s]
Building...
Building...
Building: Running build in 
Washington, D.C., USA 
(East) ΓÇô iad1
Building: Build machine 
configuration: 2 cores, 8 GB
Building: Retrieving list 
of deployment files...
Building: Downloading 1101 
deployment files...
Building: Restored build 
cache from previous 
deployment (8WFdAfyCgRQMxvXw
FxHZ97oiw1Rp)
Building: Warning: Detected 
"engines": { "node": ">=20" 
} in your `package.json` 
that will automatically 
upgrade when a new major 
Node.js Version is 
released. Learn More: https:
//vercel.link/node-version
Building: Running "vercel 
build"
Building: Vercel CLI 50.5.2
Building: Warning: Detected 
"engines": { "node": ">=20" 
} in your `package.json` 
that will automatically 
upgrade when a new major 
Node.js Version is 
released. Learn More: https:
//vercel.link/node-version
Building: Installing 
dependencies...
Building: > 
edintel-app@1.0.0 
postinstall
Building: > prisma generate
Building: Environment 
variables loaded from .env
Building: Prisma schema 
loaded from 
prisma/schema.prisma
Building: Γ£ö Generated 
Prisma Client (v5.22.0) to .
/node_modules/@prisma/client
 in 324ms
Building: Start by 
importing your Prisma 
Client (See: https://pris.ly
/d/importing-client)
Building: Tip: Need your 
database queries to be 
1000x faster? Accelerate 
offers you that and more: ht
tps://pris.ly/tip-2-accelera
te
Building: added 3 packages 
in 4s
Building: 207 packages are 
looking for funding
Building: run `npm fund` 
for details
Building: Detected Next.js 
version: 15.5.10
Building: Running "npm run 
build"
Building: > 
edintel-app@1.0.0 build
Building: > next build
Building: Γû▓ Next.js 
15.5.10
Building: - Environments: 
.env.production, .env
Building: Creating an 
optimized production build 
...
Building: <w> [webpack.cache
.PackFileCacheStrategy] 
Serializing big strings 
(131kiB) impacts 
deserialization performance 
(consider using Buffer 
instead and decode when 
needed)
Error: Command "npm run 
build" exited with 1
https://edintel-ojzks041h-nivlawest1911-oss-projects.vercel.app
